[24.3.26 19:8] fullwrite()    : 데이터 전체 입력 완료
[24.3.26 19:8] fullread()    : 데이터 전체 읽기 완료
[24.3.26 19:8] testapp1()    : ReadCompare 일치
[24.3.26 19:8] write()    : 데이터 입력 완료
[24.3.26 19:8] write()    : 데이터 입력 완료
[24.3.26 19:8] write()    : 데이터 입력 완료
[24.3.26 19:8] write()    : 데이터 입력 완료
[24.3.26 19:8] write()    : 데이터 입력 완료
[24.3.26 19:8] write()    : 데이터 입력 완료
[24.3.26 19:8] write()    : 데이터 입력 완료
[24.3.26 19:8] write()    : 데이터 입력 완료
[24.3.26 19:8] write()    : 데이터 입력 완료
[24.3.26 19:8] write()    : 데이터 입력 완료
[24.3.26 19:8] write()    : 데이터 입력 완료
[24.3.26 19:8] write()    : 데이터 입력 완료
[24.3.26 19:8] write()    : 데이터 입력 완료
[24.3.26 19:8] write()    : 데이터 입력 완료
[24.3.26 19:8] write()    : 데이터 입력 완료
[24.3.26 19:8] write()    : 데이터 입력 완료
[24.3.26 19:8] write()    : 데이터 입력 완료
[24.3.26 19:8] write()    : 데이터 입력 완료
[24.3.26 19:8] write()    : 데이터 입력 완료
[24.3.26 19:8] write()    : 데이터 입력 완료
[24.3.26 19:8] write()    : 데이터 입력 완료
[24.3.26 19:8] write()    : 데이터 입력 완료
[24.3.26 19:8] write()    : 데이터 입력 완료
[24.3.26 19:8] write()    : 데이터 입력 완료
[24.3.26 19:8] write()    : 데이터 입력 완료
[24.3.26 19:8] write()    : 데이터 입력 완료
[24.3.26 19:8] write()    : 데이터 입력 완료
[24.3.26 19:8] write()    : 데이터 입력 완료
[24.3.26 19:8] write()    : 데이터 입력 완료
[24.3.26 19:8] write()    : 데이터 입력 완료
[24.3.26 19:8] write()    : 데이터 입력 완료
[24.3.26 19:8] write()    : 데이터 입력 완료
[24.3.26 19:8] write()    : 데이터 입력 완료
[24.3.26 19:8] write()    : 데이터 입력 완료
[24.3.26 19:8] write()    : 데이터 입력 완료
[24.3.26 19:8] write()    : 데이터 입력 완료
[24.3.26 19:8] write()    : 데이터 입력 완료
[24.3.26 19:8] write()    : 데이터 입력 완료
[24.3.26 19:8] write()    : 데이터 입력 완료
[24.3.26 19:8] write()    : 데이터 입력 완료
[24.3.26 19:8] write()    : 데이터 입력 완료
[24.3.26 19:8] write()    : 데이터 입력 완료
[24.3.26 19:8] write()    : 데이터 입력 완료
[24.3.26 19:8] write()    : 데이터 입력 완료
[24.3.26 19:8] write()    : 데이터 입력 완료
[24.3.26 19:8] write()    : 데이터 입력 완료
[24.3.26 19:8] write()    : 데이터 입력 완료
[24.3.26 19:8] write()    : 데이터 입력 완료
[24.3.26 19:8] write()    : 데이터 입력 완료
[24.3.26 19:8] write()    : 데이터 입력 완료
[24.3.26 19:8] write()    : 데이터 입력 완료
[24.3.26 19:8] write()    : 데이터 입력 완료
[24.3.26 19:8] write()    : 데이터 입력 완료
[24.3.26 19:8] write()    : 데이터 입력 완료
[24.3.26 19:8] write()    : 데이터 입력 완료
[24.3.26 19:8] write()    : 데이터 입력 완료
[24.3.26 19:8] write()    : 데이터 입력 완료
[24.3.26 19:8] write()    : 데이터 입력 완료
[24.3.26 19:8] write()    : 데이터 입력 완료
[24.3.26 19:8] write()    : 데이터 입력 완료
[24.3.26 19:8] write()    : 데이터 입력 완료
[24.3.26 19:8] write()    : 데이터 입력 완료
[24.3.26 19:8] write()    : 데이터 입력 완료
[24.3.26 19:8] write()    : 데이터 입력 완료
[24.3.26 19:8] write()    : 데이터 입력 완료
[24.3.26 19:8] write()    : 데이터 입력 완료
[24.3.26 19:8] write()    : 데이터 입력 완료
[24.3.26 19:8] write()    : 데이터 입력 완료
[24.3.26 19:8] write()    : 데이터 입력 완료
[24.3.26 19:8] write()    : 데이터 입력 완료
[24.3.26 19:8] write()    : 데이터 입력 완료
[24.3.26 19:8] write()    : 데이터 입력 완료
[24.3.26 19:8] write()    : 데이터 입력 완료
[24.3.26 19:8] write()    : 데이터 입력 완료
[24.3.26 19:8] write()    : 데이터 입력 완료
[24.3.26 19:8] write()    : 데이터 입력 완료
[24.3.26 19:8] write()    : 데이터 입력 완료
[24.3.26 19:8] write()    : 데이터 입력 완료
[24.3.26 19:8] write()    : 데이터 입력 완료
[24.3.26 19:8] write()    : 데이터 입력 완료
[24.3.26 19:8] write()    : 데이터 입력 완료
[24.3.26 19:8] write()    : 데이터 입력 완료
[24.3.26 19:8] write()    : 데이터 입력 완료
[24.3.26 19:8] write()    : 데이터 입력 완료
[24.3.26 19:8] write()    : 데이터 입력 완료
[24.3.26 19:8] write()    : 데이터 입력 완료
[24.3.26 19:8] write()    : 데이터 입력 완료
[24.3.26 19:8] write()    : 데이터 입력 완료
[24.3.26 19:8] write()    : 데이터 입력 완료
[24.3.26 19:8] write()    : 데이터 입력 완료
[24.3.26 19:8] write()    : 데이터 입력 완료
[24.3.26 19:8] write()    : 데이터 입력 완료
[24.3.26 19:8] write()    : 데이터 입력 완료
[24.3.26 19:8] write()    : 데이터 입력 완료
[24.3.26 19:8] write()    : 데이터 입력 완료
[24.3.26 19:8] write()    : 데이터 입력 완료
[24.3.26 19:8] write()    : 데이터 입력 완료
[24.3.26 19:8] write()    : 데이터 입력 완료
[24.3.26 19:8] write()    : 데이터 입력 완료
[24.3.26 19:8] write()    : 데이터 입력 완료
[24.3.26 19:8] write()    : 데이터 입력 완료
[24.3.26 19:8] write()    : 데이터 입력 완료
[24.3.26 19:8] write()    : 데이터 입력 완료
[24.3.26 19:8] write()    : 데이터 입력 완료
[24.3.26 19:8] write()    : 데이터 입력 완료
[24.3.26 19:8] write()    : 데이터 입력 완료
[24.3.26 19:8] write()    : 데이터 입력 완료
[24.3.26 19:8] write()    : 데이터 입력 완료
[24.3.26 19:8] write()    : 데이터 입력 완료
[24.3.26 19:8] write()    : 데이터 입력 완료
[24.3.26 19:8] write()    : 데이터 입력 완료
[24.3.26 19:8] write()    : 데이터 입력 완료
[24.3.26 19:8] write()    : 데이터 입력 완료
[24.3.26 19:8] write()    : 데이터 입력 완료
[24.3.26 19:8] write()    : 데이터 입력 완료
[24.3.26 19:8] write()    : 데이터 입력 완료
[24.3.26 19:8] write()    : 데이터 입력 완료
[24.3.26 19:8] write()    : 데이터 입력 완료
[24.3.26 19:8] write()    : 데이터 입력 완료
[24.3.26 19:8] write()    : 데이터 입력 완료
[24.3.26 19:8] write()    : 데이터 입력 완료
[24.3.26 19:8] write()    : 데이터 입력 완료
[24.3.26 19:8] write()    : 데이터 입력 완료
[24.3.26 19:8] write()    : 데이터 입력 완료
[24.3.26 19:8] write()    : 데이터 입력 완료
[24.3.26 19:8] write()    : 데이터 입력 완료
[24.3.26 19:8] write()    : 데이터 입력 완료
[24.3.26 19:8] write()    : 데이터 입력 완료
[24.3.26 19:8] write()    : 데이터 입력 완료
[24.3.26 19:8] write()    : 데이터 입력 완료
[24.3.26 19:8] write()    : 데이터 입력 완료
[24.3.26 19:8] write()    : 데이터 입력 완료
[24.3.26 19:8] write()    : 데이터 입력 완료
[24.3.26 19:8] write()    : 데이터 입력 완료
[24.3.26 19:8] write()    : 데이터 입력 완료
[24.3.26 19:8] write()    : 데이터 입력 완료
[24.3.26 19:8] write()    : 데이터 입력 완료
[24.3.26 19:8] write()    : 데이터 입력 완료
[24.3.26 19:8] write()    : 데이터 입력 완료
[24.3.26 19:8] write()    : 데이터 입력 완료
[24.3.26 19:8] write()    : 데이터 입력 완료
[24.3.26 19:8] write()    : 데이터 입력 완료
[24.3.26 19:8] write()    : 데이터 입력 완료
[24.3.26 19:8] write()    : 데이터 입력 완료
[24.3.26 19:8] write()    : 데이터 입력 완료
[24.3.26 19:8] write()    : 데이터 입력 완료
[24.3.26 19:8] write()    : 데이터 입력 완료
[24.3.26 19:8] write()    : 데이터 입력 완료
[24.3.26 19:8] write()    : 데이터 입력 완료
[24.3.26 19:8] write()    : 데이터 입력 완료
[24.3.26 19:8] write()    : 데이터 입력 완료
[24.3.26 19:8] write()    : 데이터 입력 완료
[24.3.26 19:8] write()    : 데이터 입력 완료
[24.3.26 19:8] write()    : 데이터 입력 완료
[24.3.26 19:8] write()    : 데이터 입력 완료
[24.3.26 19:8] write()    : 데이터 입력 완료
[24.3.26 19:8] write()    : 데이터 입력 완료
[24.3.26 19:8] write()    : 데이터 입력 완료
[24.3.26 19:8] write()    : 데이터 입력 완료
[24.3.26 19:8] write()    : 데이터 입력 완료
[24.3.26 19:8] write()    : 데이터 입력 완료
[24.3.26 19:8] write()    : 데이터 입력 완료
[24.3.26 19:8] write()    : 데이터 입력 완료
[24.3.26 19:8] write()    : 데이터 입력 완료
[24.3.26 19:8] write()    : 데이터 입력 완료
[24.3.26 19:8] write()    : 데이터 입력 완료
[24.3.26 19:8] write()    : 데이터 입력 완료
[24.3.26 19:8] write()    : 데이터 입력 완료
[24.3.26 19:8] write()    : 데이터 입력 완료
[24.3.26 19:8] write()    : 데이터 입력 완료
[24.3.26 19:8] write()    : 데이터 입력 완료
[24.3.26 19:8] write()    : 데이터 입력 완료
[24.3.26 19:8] write()    : 데이터 입력 완료
[24.3.26 19:8] write()    : 데이터 입력 완료
[24.3.26 19:8] write()    : 데이터 입력 완료
[24.3.26 19:8] write()    : 데이터 입력 완료
[24.3.26 19:8] write()    : 데이터 입력 완료
[24.3.26 19:8] write()    : 데이터 입력 완료
[24.3.26 19:8] write()    : 데이터 입력 완료
[24.3.26 19:8] write()    : 데이터 입력 완료
[24.3.26 19:8] read()    : 데이터 읽기 완료
[24.3.26 19:8] read()    : 데이터 읽기 완료
[24.3.26 19:8] read()    : 데이터 읽기 완료
[24.3.26 19:8] read()    : 데이터 읽기 완료
[24.3.26 19:8] read()    : 데이터 읽기 완료
[24.3.26 19:8] read()    : 데이터 읽기 완료
[24.3.26 19:8] testapp2()    : 수행완료
[24.3.26 19:8] write()    : 데이터 입력 완료
[24.3.26 19:8] write()    : 데이터 입력 완료
[24.3.26 19:8] write()    : 데이터 입력 완료
[24.3.26 19:8] write()    : 데이터 입력 완료
[24.3.26 19:8] write()    : 데이터 입력 완료
[24.3.26 19:8] write()    : 데이터 입력 완료
[24.3.26 19:8] read()    : 데이터 읽기 완료
[24.3.26 19:8] read()    : 데이터 읽기 완료
[24.3.26 19:8] read()    : 데이터 읽기 완료
[24.3.26 19:8] read()    : 데이터 읽기 완료
[24.3.26 19:8] read()    : 데이터 읽기 완료
[24.3.26 19:8] read()    : 데이터 읽기 완료
[24.3.26 19:8] testapp2()    : 수행완료
[24.3.26 19:8] write()    : 데이터 입력 완료
[24.3.26 19:8] read()    : 데이터 읽기 완료
[24.3.26 19:8] erase()    : 입력 인자 수가 잘못되었습니다
[24.3.26 19:8] read()    : 데이터 읽기 완료
[24.3.26 19:8] erase()    : 삭제 완료
[24.3.26 19:8] read()    : 해당 값은 비어있습니다.
