[24.3.26 16:22] fullwrite()    : 데이터 전체 입력 완료
[24.3.26 16:22] fullread()    : 데이터 전체 읽기 완료
[24.3.26 16:22] testapp1()    : ReadCompare 일치
[24.3.26 16:22] write()    : 데이터 입력 완료
[24.3.26 16:22] write()    : 데이터 입력 완료
[24.3.26 16:22] write()    : 데이터 입력 완료
[24.3.26 16:22] write()    : 데이터 입력 완료
[24.3.26 16:22] write()    : 데이터 입력 완료
[24.3.26 16:22] write()    : 데이터 입력 완료
[24.3.26 16:22] write()    : 데이터 입력 완료
[24.3.26 16:22] write()    : 데이터 입력 완료
[24.3.26 16:22] write()    : 데이터 입력 완료
[24.3.26 16:22] write()    : 데이터 입력 완료
[24.3.26 16:22] write()    : 데이터 입력 완료
[24.3.26 16:22] write()    : 데이터 입력 완료
[24.3.26 16:22] write()    : 데이터 입력 완료
[24.3.26 16:22] write()    : 데이터 입력 완료
[24.3.26 16:22] write()    : 데이터 입력 완료
[24.3.26 16:22] write()    : 데이터 입력 완료
[24.3.26 16:22] write()    : 데이터 입력 완료
[24.3.26 16:22] write()    : 데이터 입력 완료
[24.3.26 16:22] write()    : 데이터 입력 완료
[24.3.26 16:22] write()    : 데이터 입력 완료
[24.3.26 16:22] write()    : 데이터 입력 완료
[24.3.26 16:22] write()    : 데이터 입력 완료
[24.3.26 16:22] write()    : 데이터 입력 완료
[24.3.26 16:22] write()    : 데이터 입력 완료
[24.3.26 16:22] write()    : 데이터 입력 완료
[24.3.26 16:22] write()    : 데이터 입력 완료
[24.3.26 16:22] write()    : 데이터 입력 완료
[24.3.26 16:22] write()    : 데이터 입력 완료
[24.3.26 16:22] write()    : 데이터 입력 완료
[24.3.26 16:22] write()    : 데이터 입력 완료
[24.3.26 16:22] write()    : 데이터 입력 완료
[24.3.26 16:22] write()    : 데이터 입력 완료
[24.3.26 16:22] write()    : 데이터 입력 완료
[24.3.26 16:22] write()    : 데이터 입력 완료
[24.3.26 16:22] write()    : 데이터 입력 완료
[24.3.26 16:22] write()    : 데이터 입력 완료
[24.3.26 16:22] write()    : 데이터 입력 완료
[24.3.26 16:22] write()    : 데이터 입력 완료
[24.3.26 16:22] write()    : 데이터 입력 완료
[24.3.26 16:22] write()    : 데이터 입력 완료
[24.3.26 16:22] write()    : 데이터 입력 완료
[24.3.26 16:22] write()    : 데이터 입력 완료
[24.3.26 16:22] write()    : 데이터 입력 완료
[24.3.26 16:22] write()    : 데이터 입력 완료
[24.3.26 16:22] write()    : 데이터 입력 완료
[24.3.26 16:22] write()    : 데이터 입력 완료
[24.3.26 16:22] write()    : 데이터 입력 완료
[24.3.26 16:22] write()    : 데이터 입력 완료
[24.3.26 16:22] write()    : 데이터 입력 완료
[24.3.26 16:22] write()    : 데이터 입력 완료
[24.3.26 16:22] write()    : 데이터 입력 완료
[24.3.26 16:22] write()    : 데이터 입력 완료
[24.3.26 16:22] write()    : 데이터 입력 완료
[24.3.26 16:22] write()    : 데이터 입력 완료
[24.3.26 16:22] write()    : 데이터 입력 완료
[24.3.26 16:22] write()    : 데이터 입력 완료
[24.3.26 16:22] write()    : 데이터 입력 완료
[24.3.26 16:22] write()    : 데이터 입력 완료
[24.3.26 16:22] write()    : 데이터 입력 완료
[24.3.26 16:22] write()    : 데이터 입력 완료
[24.3.26 16:22] write()    : 데이터 입력 완료
[24.3.26 16:22] write()    : 데이터 입력 완료
[24.3.26 16:22] write()    : 데이터 입력 완료
[24.3.26 16:22] write()    : 데이터 입력 완료
[24.3.26 16:22] write()    : 데이터 입력 완료
[24.3.26 16:22] write()    : 데이터 입력 완료
[24.3.26 16:22] write()    : 데이터 입력 완료
[24.3.26 16:22] write()    : 데이터 입력 완료
[24.3.26 16:22] write()    : 데이터 입력 완료
[24.3.26 16:22] write()    : 데이터 입력 완료
[24.3.26 16:22] write()    : 데이터 입력 완료
[24.3.26 16:22] write()    : 데이터 입력 완료
[24.3.26 16:22] write()    : 데이터 입력 완료
[24.3.26 16:22] write()    : 데이터 입력 완료
[24.3.26 16:22] write()    : 데이터 입력 완료
[24.3.26 16:22] write()    : 데이터 입력 완료
[24.3.26 16:22] write()    : 데이터 입력 완료
[24.3.26 16:22] write()    : 데이터 입력 완료
[24.3.26 16:22] write()    : 데이터 입력 완료
[24.3.26 16:22] write()    : 데이터 입력 완료
[24.3.26 16:22] write()    : 데이터 입력 완료
[24.3.26 16:22] write()    : 데이터 입력 완료
[24.3.26 16:22] write()    : 데이터 입력 완료
[24.3.26 16:22] write()    : 데이터 입력 완료
[24.3.26 16:22] write()    : 데이터 입력 완료
[24.3.26 16:22] write()    : 데이터 입력 완료
[24.3.26 16:22] write()    : 데이터 입력 완료
[24.3.26 16:22] write()    : 데이터 입력 완료
[24.3.26 16:22] write()    : 데이터 입력 완료
[24.3.26 16:22] write()    : 데이터 입력 완료
[24.3.26 16:22] write()    : 데이터 입력 완료
[24.3.26 16:22] write()    : 데이터 입력 완료
[24.3.26 16:22] write()    : 데이터 입력 완료
[24.3.26 16:22] write()    : 데이터 입력 완료
[24.3.26 16:22] write()    : 데이터 입력 완료
[24.3.26 16:22] write()    : 데이터 입력 완료
[24.3.26 16:22] write()    : 데이터 입력 완료
[24.3.26 16:22] write()    : 데이터 입력 완료
[24.3.26 16:22] write()    : 데이터 입력 완료
[24.3.26 16:22] write()    : 데이터 입력 완료
[24.3.26 16:22] write()    : 데이터 입력 완료
[24.3.26 16:22] write()    : 데이터 입력 완료
[24.3.26 16:22] write()    : 데이터 입력 완료
[24.3.26 16:22] write()    : 데이터 입력 완료
[24.3.26 16:22] write()    : 데이터 입력 완료
[24.3.26 16:22] write()    : 데이터 입력 완료
[24.3.26 16:22] write()    : 데이터 입력 완료
[24.3.26 16:22] write()    : 데이터 입력 완료
[24.3.26 16:22] write()    : 데이터 입력 완료
[24.3.26 16:22] write()    : 데이터 입력 완료
[24.3.26 16:22] write()    : 데이터 입력 완료
[24.3.26 16:22] write()    : 데이터 입력 완료
[24.3.26 16:22] write()    : 데이터 입력 완료
[24.3.26 16:22] write()    : 데이터 입력 완료
[24.3.26 16:22] write()    : 데이터 입력 완료
[24.3.26 16:22] write()    : 데이터 입력 완료
[24.3.26 16:22] write()    : 데이터 입력 완료
[24.3.26 16:22] write()    : 데이터 입력 완료
[24.3.26 16:22] write()    : 데이터 입력 완료
[24.3.26 16:22] write()    : 데이터 입력 완료
[24.3.26 16:22] write()    : 데이터 입력 완료
[24.3.26 16:22] write()    : 데이터 입력 완료
[24.3.26 16:22] write()    : 데이터 입력 완료
[24.3.26 16:22] write()    : 데이터 입력 완료
[24.3.26 16:22] write()    : 데이터 입력 완료
[24.3.26 16:22] write()    : 데이터 입력 완료
[24.3.26 16:22] write()    : 데이터 입력 완료
[24.3.26 16:22] write()    : 데이터 입력 완료
[24.3.26 16:22] write()    : 데이터 입력 완료
[24.3.26 16:22] write()    : 데이터 입력 완료
[24.3.26 16:22] write()    : 데이터 입력 완료
[24.3.26 16:22] write()    : 데이터 입력 완료
[24.3.26 16:22] write()    : 데이터 입력 완료
[24.3.26 16:22] write()    : 데이터 입력 완료
[24.3.26 16:22] write()    : 데이터 입력 완료
[24.3.26 16:22] write()    : 데이터 입력 완료
[24.3.26 16:22] write()    : 데이터 입력 완료
[24.3.26 16:22] write()    : 데이터 입력 완료
[24.3.26 16:22] write()    : 데이터 입력 완료
[24.3.26 16:22] write()    : 데이터 입력 완료
[24.3.26 16:22] write()    : 데이터 입력 완료
[24.3.26 16:22] write()    : 데이터 입력 완료
[24.3.26 16:22] write()    : 데이터 입력 완료
[24.3.26 16:22] write()    : 데이터 입력 완료
[24.3.26 16:22] write()    : 데이터 입력 완료
[24.3.26 16:22] write()    : 데이터 입력 완료
[24.3.26 16:22] write()    : 데이터 입력 완료
[24.3.26 16:22] write()    : 데이터 입력 완료
[24.3.26 16:22] write()    : 데이터 입력 완료
[24.3.26 16:22] write()    : 데이터 입력 완료
[24.3.26 16:22] write()    : 데이터 입력 완료
[24.3.26 16:22] write()    : 데이터 입력 완료
[24.3.26 16:22] write()    : 데이터 입력 완료
[24.3.26 16:22] write()    : 데이터 입력 완료
[24.3.26 16:22] write()    : 데이터 입력 완료
[24.3.26 16:22] write()    : 데이터 입력 완료
[24.3.26 16:22] write()    : 데이터 입력 완료
[24.3.26 16:22] write()    : 데이터 입력 완료
[24.3.26 16:22] write()    : 데이터 입력 완료
[24.3.26 16:22] write()    : 데이터 입력 완료
[24.3.26 16:22] write()    : 데이터 입력 완료
[24.3.26 16:22] write()    : 데이터 입력 완료
[24.3.26 16:22] write()    : 데이터 입력 완료
[24.3.26 16:22] write()    : 데이터 입력 완료
[24.3.26 16:22] write()    : 데이터 입력 완료
[24.3.26 16:22] write()    : 데이터 입력 완료
[24.3.26 16:22] write()    : 데이터 입력 완료
[24.3.26 16:22] write()    : 데이터 입력 완료
[24.3.26 16:22] write()    : 데이터 입력 완료
[24.3.26 16:22] write()    : 데이터 입력 완료
[24.3.26 16:22] write()    : 데이터 입력 완료
[24.3.26 16:22] write()    : 데이터 입력 완료
[24.3.26 16:22] write()    : 데이터 입력 완료
[24.3.26 16:22] write()    : 데이터 입력 완료
[24.3.26 16:22] write()    : 데이터 입력 완료
[24.3.26 16:22] write()    : 데이터 입력 완료
[24.3.26 16:22] write()    : 데이터 입력 완료
[24.3.26 16:22] write()    : 데이터 입력 완료
[24.3.26 16:22] write()    : 데이터 입력 완료
[24.3.26 16:22] write()    : 데이터 입력 완료
[24.3.26 16:22] read()    : 데이터 읽기 완료
[24.3.26 16:22] read()    : 데이터 읽기 완료
[24.3.26 16:22] read()    : 데이터 읽기 완료
[24.3.26 16:22] read()    : 데이터 읽기 완료
[24.3.26 16:22] read()    : 데이터 읽기 완료
[24.3.26 16:22] read()    : 데이터 읽기 완료
[24.3.26 16:22] testapp2()    : 수행완료
[24.3.26 16:22] write()    : 데이터 입력 완료
[24.3.26 16:22] write()    : 데이터 입력 완료
[24.3.26 16:22] write()    : 데이터 입력 완료
[24.3.26 16:22] write()    : 데이터 입력 완료
[24.3.26 16:22] write()    : 데이터 입력 완료
[24.3.26 16:22] write()    : 데이터 입력 완료
[24.3.26 16:22] read()    : 데이터 읽기 완료
[24.3.26 16:22] read()    : 데이터 읽기 완료
[24.3.26 16:22] read()    : 데이터 읽기 완료
[24.3.26 16:22] read()    : 데이터 읽기 완료
[24.3.26 16:22] read()    : 데이터 읽기 완료
[24.3.26 16:22] read()    : 데이터 읽기 완료
[24.3.26 16:22] testapp2()    : 수행완료
[24.3.26 16:22] read()    : 데이터 읽기 완료
[24.3.26 16:22] write()    : 데이터 입력 완료
[24.3.26 16:22] read()    : 데이터 읽기 완료
[24.3.26 16:23] erase()    : 입력 인자 수가 잘못되었습니다
[24.3.26 16:23] erase()    : 삭제 완료
[24.3.26 16:23] read()    : 해당 값은 비어있습니다.
[24.3.26 16:23] fullwrite()    : 데이터 전체 입력 완료
[24.3.26 16:23] fullread()    : 데이터 전체 읽기 완료
[24.3.26 16:23] help()    : 다음과 같습니다
[24.3.26 16:23] exit()    : 프로그램을 종료합니다.
